2024-07-25 13:22:07 ERROR org.apache.struts2.dispatcher.Dispatcher - Dispatcher initialization failed
com.opensymphony.xwork2.config.ConfigurationException: Unable to load configuration.
	at com.opensymphony.xwork2.config.ConfigurationManager.initialiseConfiguration(ConfigurationManager.java:89) ~[struts2-core-6.4.0.jar:6.4.0]
	at com.opensymphony.xwork2.config.ConfigurationManager.wasConfigInitialised(ConfigurationManager.java:72) ~[struts2-core-6.4.0.jar:6.4.0]
	at com.opensymphony.xwork2.config.ConfigurationManager.getConfiguration(ConfigurationManager.java:61) ~[struts2-core-6.4.0.jar:6.4.0]
	at org.apache.struts2.dispatcher.Dispatcher.getContainer(Dispatcher.java:1124) ~[struts2-core-6.4.0.jar:6.4.0]
	at org.apache.struts2.dispatcher.Dispatcher.init(Dispatcher.java:625) [struts2-core-6.4.0.jar:6.4.0]
	at org.apache.struts2.dispatcher.InitOperations.initDispatcher(InitOperations.java:48) [struts2-core-6.4.0.jar:6.4.0]
	at org.apache.struts2.dispatcher.filter.StrutsPrepareAndExecuteFilter.init(StrutsPrepareAndExecuteFilter.java:60) [struts2-core-6.4.0.jar:6.4.0]
	at org.apache.catalina.core.ApplicationFilterConfig.initFilter(ApplicationFilterConfig.java:262) [tomcat-embed-core-9.0.80.jar:9.0.80]
	at org.apache.catalina.core.ApplicationFilterConfig.getFilter(ApplicationFilterConfig.java:244) [tomcat-embed-core-9.0.80.jar:9.0.80]
	at org.apache.catalina.core.ApplicationFilterConfig.<init>(ApplicationFilterConfig.java:97) [tomcat-embed-core-9.0.80.jar:9.0.80]
	at org.apache.catalina.core.StandardContext.filterStart(StandardContext.java:4311) [tomcat-embed-core-9.0.80.jar:9.0.80]
	at org.apache.catalina.core.StandardContext.startInternal(StandardContext.java:4940) [tomcat-embed-core-9.0.80.jar:9.0.80]
	at org.apache.catalina.util.LifecycleBase.start(LifecycleBase.java:171) [tomcat-embed-core-9.0.80.jar:9.0.80]
	at org.apache.catalina.core.ContainerBase$StartChild.call(ContainerBase.java:1332) [tomcat-embed-core-9.0.80.jar:9.0.80]
	at org.apache.catalina.core.ContainerBase$StartChild.call(ContainerBase.java:1322) [tomcat-embed-core-9.0.80.jar:9.0.80]
	at java.util.concurrent.FutureTask.run(FutureTask.java:317) [?:?]
	at org.apache.tomcat.util.threads.InlineExecutorService.execute(InlineExecutorService.java:75) [tomcat-embed-core-9.0.80.jar:9.0.80]
	at java.util.concurrent.AbstractExecutorService.submit(AbstractExecutorService.java:145) [?:?]
	at org.apache.catalina.core.ContainerBase.startInternal(ContainerBase.java:866) [tomcat-embed-core-9.0.80.jar:9.0.80]
	at org.apache.catalina.core.StandardHost.startInternal(StandardHost.java:795) [tomcat-embed-core-9.0.80.jar:9.0.80]
	at org.apache.catalina.util.LifecycleBase.start(LifecycleBase.java:171) [tomcat-embed-core-9.0.80.jar:9.0.80]
	at org.apache.catalina.core.ContainerBase$StartChild.call(ContainerBase.java:1332) [tomcat-embed-core-9.0.80.jar:9.0.80]
	at org.apache.catalina.core.ContainerBase$StartChild.call(ContainerBase.java:1322) [tomcat-embed-core-9.0.80.jar:9.0.80]
	at java.util.concurrent.FutureTask.run(FutureTask.java:317) [?:?]
	at org.apache.tomcat.util.threads.InlineExecutorService.execute(InlineExecutorService.java:75) [tomcat-embed-core-9.0.80.jar:9.0.80]
	at java.util.concurrent.AbstractExecutorService.submit(AbstractExecutorService.java:145) [?:?]
	at org.apache.catalina.core.ContainerBase.startInternal(ContainerBase.java:866) [tomcat-embed-core-9.0.80.jar:9.0.80]
	at org.apache.catalina.core.StandardEngine.startInternal(StandardEngine.java:249) [tomcat-embed-core-9.0.80.jar:9.0.80]
	at org.apache.catalina.util.LifecycleBase.start(LifecycleBase.java:171) [tomcat-embed-core-9.0.80.jar:9.0.80]
	at org.apache.catalina.core.StandardService.startInternal(StandardService.java:433) [tomcat-embed-core-9.0.80.jar:9.0.80]
	at org.apache.catalina.util.LifecycleBase.start(LifecycleBase.java:171) [tomcat-embed-core-9.0.80.jar:9.0.80]
	at org.apache.catalina.core.StandardServer.startInternal(StandardServer.java:922) [tomcat-embed-core-9.0.80.jar:9.0.80]
	at org.apache.catalina.util.LifecycleBase.start(LifecycleBase.java:171) [tomcat-embed-core-9.0.80.jar:9.0.80]
	at org.apache.catalina.startup.Tomcat.start(Tomcat.java:486) [tomcat-embed-core-9.0.80.jar:9.0.80]
	at com.example.GatewayApplication.main(GatewayApplication.java:24) [classes/:?]
Caused by: com.opensymphony.xwork2.config.ConfigurationException: Unable to load bean: type: class:com.opensymphony.xwork2.ObjectFactory
	at com.opensymphony.xwork2.config.providers.XmlDocConfigurationProvider.registerBean(XmlDocConfigurationProvider.java:273) ~[struts2-core-6.4.0.jar:6.4.0]
	at com.opensymphony.xwork2.config.providers.XmlDocConfigurationProvider.lambda$register$1(XmlDocConfigurationProvider.java:202) ~[struts2-core-6.4.0.jar:6.4.0]
	at com.opensymphony.xwork2.config.providers.XmlDocConfigurationProvider.lambda$iterateElementChildren$0(XmlDocConfigurationProvider.java:171) ~[struts2-core-6.4.0.jar:6.4.0]
	at com.opensymphony.xwork2.config.providers.XmlDocConfigurationProvider.iterateChildren(XmlDocConfigurationProvider.java:178) ~[struts2-core-6.4.0.jar:6.4.0]
	at com.opensymphony.xwork2.config.providers.XmlDocConfigurationProvider.iterateElementChildren(XmlDocConfigurationProvider.java:167) ~[struts2-core-6.4.0.jar:6.4.0]
	at com.opensymphony.xwork2.config.providers.XmlDocConfigurationProvider.iterateElementChildren(XmlDocConfigurationProvider.java:163) ~[struts2-core-6.4.0.jar:6.4.0]
	at com.opensymphony.xwork2.config.providers.XmlDocConfigurationProvider.register(XmlDocConfigurationProvider.java:195) ~[struts2-core-6.4.0.jar:6.4.0]
	at com.opensymphony.xwork2.config.providers.XmlConfigurationProvider.register(XmlConfigurationProvider.java:109) ~[struts2-core-6.4.0.jar:6.4.0]
	at org.apache.struts2.config.StrutsXmlConfigurationProvider.register(StrutsXmlConfigurationProvider.java:130) ~[struts2-core-6.4.0.jar:6.4.0]
	at com.opensymphony.xwork2.config.impl.DefaultConfiguration.reloadContainer(DefaultConfiguration.java:275) ~[struts2-core-6.4.0.jar:6.4.0]
	at com.opensymphony.xwork2.config.ConfigurationManager.reload(ConfigurationManager.java:227) ~[struts2-core-6.4.0.jar:6.4.0]
	at com.opensymphony.xwork2.config.ConfigurationManager.initialiseConfiguration(ConfigurationManager.java:84) ~[struts2-core-6.4.0.jar:6.4.0]
	... 34 more
Caused by: com.opensymphony.xwork2.config.ConfigurationException: Bean type class com.opensymphony.xwork2.ObjectFactory with the name struts has already been loaded by bean - jar:war:file:/C:/Users/soler/Desktop/StructsProgetti/animal-health/target/animal-health.war*/WEB-INF/lib/struts2-core-6.4.0.jar!/struts-beans.xml:39:72
	at com.opensymphony.xwork2.config.providers.XmlDocConfigurationProvider.registerBean(XmlDocConfigurationProvider.java:260) ~[struts2-core-6.4.0.jar:6.4.0]
	at com.opensymphony.xwork2.config.providers.XmlDocConfigurationProvider.lambda$register$1(XmlDocConfigurationProvider.java:202) ~[struts2-core-6.4.0.jar:6.4.0]
	at com.opensymphony.xwork2.config.providers.XmlDocConfigurationProvider.lambda$iterateElementChildren$0(XmlDocConfigurationProvider.java:171) ~[struts2-core-6.4.0.jar:6.4.0]
	at com.opensymphony.xwork2.config.providers.XmlDocConfigurationProvider.iterateChildren(XmlDocConfigurationProvider.java:178) ~[struts2-core-6.4.0.jar:6.4.0]
	at com.opensymphony.xwork2.config.providers.XmlDocConfigurationProvider.iterateElementChildren(XmlDocConfigurationProvider.java:167) ~[struts2-core-6.4.0.jar:6.4.0]
	at com.opensymphony.xwork2.config.providers.XmlDocConfigurationProvider.iterateElementChildren(XmlDocConfigurationProvider.java:163) ~[struts2-core-6.4.0.jar:6.4.0]
	at com.opensymphony.xwork2.config.providers.XmlDocConfigurationProvider.register(XmlDocConfigurationProvider.java:195) ~[struts2-core-6.4.0.jar:6.4.0]
	at com.opensymphony.xwork2.config.providers.XmlConfigurationProvider.register(XmlConfigurationProvider.java:109) ~[struts2-core-6.4.0.jar:6.4.0]
	at org.apache.struts2.config.StrutsXmlConfigurationProvider.register(StrutsXmlConfigurationProvider.java:130) ~[struts2-core-6.4.0.jar:6.4.0]
	at com.opensymphony.xwork2.config.impl.DefaultConfiguration.reloadContainer(DefaultConfiguration.java:275) ~[struts2-core-6.4.0.jar:6.4.0]
	at com.opensymphony.xwork2.config.ConfigurationManager.reload(ConfigurationManager.java:227) ~[struts2-core-6.4.0.jar:6.4.0]
	at com.opensymphony.xwork2.config.ConfigurationManager.initialiseConfiguration(ConfigurationManager.java:84) ~[struts2-core-6.4.0.jar:6.4.0]
	... 34 more
2024-07-25 13:22:57 ERROR org.apache.struts2.dispatcher.Dispatcher - Dispatcher initialization failed
com.opensymphony.xwork2.config.ConfigurationException: Unable to load configuration.
	at com.opensymphony.xwork2.config.ConfigurationManager.initialiseConfiguration(ConfigurationManager.java:89) ~[struts2-core-6.4.0.jar:6.4.0]
	at com.opensymphony.xwork2.config.ConfigurationManager.wasConfigInitialised(ConfigurationManager.java:72) ~[struts2-core-6.4.0.jar:6.4.0]
	at com.opensymphony.xwork2.config.ConfigurationManager.getConfiguration(ConfigurationManager.java:61) ~[struts2-core-6.4.0.jar:6.4.0]
	at org.apache.struts2.dispatcher.Dispatcher.getContainer(Dispatcher.java:1124) ~[struts2-core-6.4.0.jar:6.4.0]
	at org.apache.struts2.dispatcher.Dispatcher.init(Dispatcher.java:625) [struts2-core-6.4.0.jar:6.4.0]
	at org.apache.struts2.dispatcher.InitOperations.initDispatcher(InitOperations.java:48) [struts2-core-6.4.0.jar:6.4.0]
	at org.apache.struts2.dispatcher.filter.StrutsPrepareAndExecuteFilter.init(StrutsPrepareAndExecuteFilter.java:60) [struts2-core-6.4.0.jar:6.4.0]
	at org.apache.catalina.core.ApplicationFilterConfig.initFilter(ApplicationFilterConfig.java:262) [tomcat-embed-core-9.0.80.jar:9.0.80]
	at org.apache.catalina.core.ApplicationFilterConfig.getFilter(ApplicationFilterConfig.java:244) [tomcat-embed-core-9.0.80.jar:9.0.80]
	at org.apache.catalina.core.ApplicationFilterConfig.<init>(ApplicationFilterConfig.java:97) [tomcat-embed-core-9.0.80.jar:9.0.80]
	at org.apache.catalina.core.StandardContext.filterStart(StandardContext.java:4311) [tomcat-embed-core-9.0.80.jar:9.0.80]
	at org.apache.catalina.core.StandardContext.startInternal(StandardContext.java:4940) [tomcat-embed-core-9.0.80.jar:9.0.80]
	at org.apache.catalina.util.LifecycleBase.start(LifecycleBase.java:171) [tomcat-embed-core-9.0.80.jar:9.0.80]
	at org.apache.catalina.core.ContainerBase$StartChild.call(ContainerBase.java:1332) [tomcat-embed-core-9.0.80.jar:9.0.80]
	at org.apache.catalina.core.ContainerBase$StartChild.call(ContainerBase.java:1322) [tomcat-embed-core-9.0.80.jar:9.0.80]
	at java.util.concurrent.FutureTask.run(FutureTask.java:317) [?:?]
	at org.apache.tomcat.util.threads.InlineExecutorService.execute(InlineExecutorService.java:75) [tomcat-embed-core-9.0.80.jar:9.0.80]
	at java.util.concurrent.AbstractExecutorService.submit(AbstractExecutorService.java:145) [?:?]
	at org.apache.catalina.core.ContainerBase.startInternal(ContainerBase.java:866) [tomcat-embed-core-9.0.80.jar:9.0.80]
	at org.apache.catalina.core.StandardHost.startInternal(StandardHost.java:795) [tomcat-embed-core-9.0.80.jar:9.0.80]
	at org.apache.catalina.util.LifecycleBase.start(LifecycleBase.java:171) [tomcat-embed-core-9.0.80.jar:9.0.80]
	at org.apache.catalina.core.ContainerBase$StartChild.call(ContainerBase.java:1332) [tomcat-embed-core-9.0.80.jar:9.0.80]
	at org.apache.catalina.core.ContainerBase$StartChild.call(ContainerBase.java:1322) [tomcat-embed-core-9.0.80.jar:9.0.80]
	at java.util.concurrent.FutureTask.run(FutureTask.java:317) [?:?]
	at org.apache.tomcat.util.threads.InlineExecutorService.execute(InlineExecutorService.java:75) [tomcat-embed-core-9.0.80.jar:9.0.80]
	at java.util.concurrent.AbstractExecutorService.submit(AbstractExecutorService.java:145) [?:?]
	at org.apache.catalina.core.ContainerBase.startInternal(ContainerBase.java:866) [tomcat-embed-core-9.0.80.jar:9.0.80]
	at org.apache.catalina.core.StandardEngine.startInternal(StandardEngine.java:249) [tomcat-embed-core-9.0.80.jar:9.0.80]
	at org.apache.catalina.util.LifecycleBase.start(LifecycleBase.java:171) [tomcat-embed-core-9.0.80.jar:9.0.80]
	at org.apache.catalina.core.StandardService.startInternal(StandardService.java:433) [tomcat-embed-core-9.0.80.jar:9.0.80]
	at org.apache.catalina.util.LifecycleBase.start(LifecycleBase.java:171) [tomcat-embed-core-9.0.80.jar:9.0.80]
	at org.apache.catalina.core.StandardServer.startInternal(StandardServer.java:922) [tomcat-embed-core-9.0.80.jar:9.0.80]
	at org.apache.catalina.util.LifecycleBase.start(LifecycleBase.java:171) [tomcat-embed-core-9.0.80.jar:9.0.80]
	at org.apache.catalina.startup.Tomcat.start(Tomcat.java:486) [tomcat-embed-core-9.0.80.jar:9.0.80]
	at com.example.GatewayApplication.main(GatewayApplication.java:24) [classes/:?]
Caused by: com.opensymphony.xwork2.config.ConfigurationException: Unable to load bean: type: class:com.opensymphony.xwork2.ObjectFactory
	at com.opensymphony.xwork2.config.providers.XmlDocConfigurationProvider.registerBean(XmlDocConfigurationProvider.java:273) ~[struts2-core-6.4.0.jar:6.4.0]
	at com.opensymphony.xwork2.config.providers.XmlDocConfigurationProvider.lambda$register$1(XmlDocConfigurationProvider.java:202) ~[struts2-core-6.4.0.jar:6.4.0]
	at com.opensymphony.xwork2.config.providers.XmlDocConfigurationProvider.lambda$iterateElementChildren$0(XmlDocConfigurationProvider.java:171) ~[struts2-core-6.4.0.jar:6.4.0]
	at com.opensymphony.xwork2.config.providers.XmlDocConfigurationProvider.iterateChildren(XmlDocConfigurationProvider.java:178) ~[struts2-core-6.4.0.jar:6.4.0]
	at com.opensymphony.xwork2.config.providers.XmlDocConfigurationProvider.iterateElementChildren(XmlDocConfigurationProvider.java:167) ~[struts2-core-6.4.0.jar:6.4.0]
	at com.opensymphony.xwork2.config.providers.XmlDocConfigurationProvider.iterateElementChildren(XmlDocConfigurationProvider.java:163) ~[struts2-core-6.4.0.jar:6.4.0]
	at com.opensymphony.xwork2.config.providers.XmlDocConfigurationProvider.register(XmlDocConfigurationProvider.java:195) ~[struts2-core-6.4.0.jar:6.4.0]
	at com.opensymphony.xwork2.config.providers.XmlConfigurationProvider.register(XmlConfigurationProvider.java:109) ~[struts2-core-6.4.0.jar:6.4.0]
	at org.apache.struts2.config.StrutsXmlConfigurationProvider.register(StrutsXmlConfigurationProvider.java:130) ~[struts2-core-6.4.0.jar:6.4.0]
	at com.opensymphony.xwork2.config.impl.DefaultConfiguration.reloadContainer(DefaultConfiguration.java:275) ~[struts2-core-6.4.0.jar:6.4.0]
	at com.opensymphony.xwork2.config.ConfigurationManager.reload(ConfigurationManager.java:227) ~[struts2-core-6.4.0.jar:6.4.0]
	at com.opensymphony.xwork2.config.ConfigurationManager.initialiseConfiguration(ConfigurationManager.java:84) ~[struts2-core-6.4.0.jar:6.4.0]
	... 34 more
Caused by: com.opensymphony.xwork2.config.ConfigurationException: Bean type class com.opensymphony.xwork2.ObjectFactory with the name struts has already been loaded by bean - jar:war:file:/C:/Users/soler/Desktop/StructsProgetti/animal-health/target/animal-health.war*/WEB-INF/lib/struts2-core-6.4.0.jar!/struts-beans.xml:39:72
	at com.opensymphony.xwork2.config.providers.XmlDocConfigurationProvider.registerBean(XmlDocConfigurationProvider.java:260) ~[struts2-core-6.4.0.jar:6.4.0]
	at com.opensymphony.xwork2.config.providers.XmlDocConfigurationProvider.lambda$register$1(XmlDocConfigurationProvider.java:202) ~[struts2-core-6.4.0.jar:6.4.0]
	at com.opensymphony.xwork2.config.providers.XmlDocConfigurationProvider.lambda$iterateElementChildren$0(XmlDocConfigurationProvider.java:171) ~[struts2-core-6.4.0.jar:6.4.0]
	at com.opensymphony.xwork2.config.providers.XmlDocConfigurationProvider.iterateChildren(XmlDocConfigurationProvider.java:178) ~[struts2-core-6.4.0.jar:6.4.0]
	at com.opensymphony.xwork2.config.providers.XmlDocConfigurationProvider.iterateElementChildren(XmlDocConfigurationProvider.java:167) ~[struts2-core-6.4.0.jar:6.4.0]
	at com.opensymphony.xwork2.config.providers.XmlDocConfigurationProvider.iterateElementChildren(XmlDocConfigurationProvider.java:163) ~[struts2-core-6.4.0.jar:6.4.0]
	at com.opensymphony.xwork2.config.providers.XmlDocConfigurationProvider.register(XmlDocConfigurationProvider.java:195) ~[struts2-core-6.4.0.jar:6.4.0]
	at com.opensymphony.xwork2.config.providers.XmlConfigurationProvider.register(XmlConfigurationProvider.java:109) ~[struts2-core-6.4.0.jar:6.4.0]
	at org.apache.struts2.config.StrutsXmlConfigurationProvider.register(StrutsXmlConfigurationProvider.java:130) ~[struts2-core-6.4.0.jar:6.4.0]
	at com.opensymphony.xwork2.config.impl.DefaultConfiguration.reloadContainer(DefaultConfiguration.java:275) ~[struts2-core-6.4.0.jar:6.4.0]
	at com.opensymphony.xwork2.config.ConfigurationManager.reload(ConfigurationManager.java:227) ~[struts2-core-6.4.0.jar:6.4.0]
	at com.opensymphony.xwork2.config.ConfigurationManager.initialiseConfiguration(ConfigurationManager.java:84) ~[struts2-core-6.4.0.jar:6.4.0]
	... 34 more
